<?xml version="1.0" encoding="UTF-8"?>
<!-- Generated by org.testng.reporters.JUnitReportReporter -->
<testsuite skipped="0" hostname="Lenovo" name="com.Mytests.HomeTest" tests="1" failures="0" timestamp="16 Sep 2020 18:42:00 GMT" time="9.787" errors="0">
  <testcase name="Setup" time="9.787" classname="com.Mytests.HomeTest"/>
</testsuite> <!-- com.Mytests.HomeTest -->
